2024-11-13 03:39:38,987 [Worker-5: Loading available Gradle versions] INFO  o.e.b.c.i.u.g.PublishedGradleVersions - Gradle version information cache is up-to-date. Trying to read.
2024-11-13 03:40:18,579 [ModalContext] INFO  o.e.m.c.i.e.AbstractTransferListenerAdapter - Downloading https://repo.maven.apache.org/maven2/org/apache/maven/archetypes/maven-archetype-j2ee-simple/1.0/maven-archetype-j2ee-simple-1.0.pom
2024-11-13 03:40:18,623 [ModalContext] INFO  o.e.m.c.i.e.AbstractTransferListenerAdapter - Downloaded https://repo.maven.apache.org/maven2/org/apache/maven/archetypes/maven-archetype-j2ee-simple/1.0/maven-archetype-j2ee-simple-1.0.pom
2024-11-13 03:40:18,794 [ModalContext] INFO  o.e.m.c.i.e.AbstractTransferListenerAdapter - Downloading https://repo.maven.apache.org/maven2/org/apache/maven/archetypes/maven-archetype-j2ee-simple/1.0/maven-archetype-j2ee-simple-1.0.jar
2024-11-13 03:40:18,808 [ModalContext] INFO  o.e.m.c.i.e.AbstractTransferListenerAdapter - Downloaded https://repo.maven.apache.org/maven2/org/apache/maven/archetypes/maven-archetype-j2ee-simple/1.0/maven-archetype-j2ee-simple-1.0.jar
2024-11-13 03:40:48,103 [Worker-13: Launching mavenrun-cafe4c40-dbdf-407d-87e8-8f23582cc4c4] INFO  o.eclipse.m2e.core.internal.Bundles - getClasspathEntries(Bundle=org.eclipse.m2e.maven.runtime_3.9.900.20240824-1409 [640])
2024-11-13 03:40:48,106 [Worker-13: Launching mavenrun-cafe4c40-dbdf-407d-87e8-8f23582cc4c4] INFO  o.eclipse.m2e.core.internal.Bundles - 	Entry: C:\Users\INTEGRAL COMPUTER\.p2\pool\plugins\org.eclipse.m2e.maven.runtime_3.9.900.20240824-1409
2024-11-13 03:40:48,107 [Worker-13: Launching mavenrun-cafe4c40-dbdf-407d-87e8-8f23582cc4c4] INFO  o.eclipse.m2e.core.internal.Bundles - 	Entry: C:\Users\INTEGRAL COMPUTER\.p2\pool\plugins\org.eclipse.m2e.maven.runtime_3.9.900.20240824-1409\jars\aopalliance-1.0.jar
2024-11-13 03:40:48,107 [Worker-13: Launching mavenrun-cafe4c40-dbdf-407d-87e8-8f23582cc4c4] INFO  o.eclipse.m2e.core.internal.Bundles - 	Entry: C:\Users\INTEGRAL COMPUTER\.p2\pool\plugins\org.eclipse.m2e.maven.runtime_3.9.900.20240824-1409\jars\guice-5.1.0.jar
2024-11-13 03:40:48,107 [Worker-13: Launching mavenrun-cafe4c40-dbdf-407d-87e8-8f23582cc4c4] INFO  o.eclipse.m2e.core.internal.Bundles - 	Entry: C:\Users\INTEGRAL COMPUTER\.p2\pool\plugins\org.eclipse.m2e.maven.runtime_3.9.900.20240824-1409\jars\httpclient-4.5.14.jar
2024-11-13 03:40:48,107 [Worker-13: Launching mavenrun-cafe4c40-dbdf-407d-87e8-8f23582cc4c4] INFO  o.eclipse.m2e.core.internal.Bundles - 	Entry: C:\Users\INTEGRAL COMPUTER\.p2\pool\plugins\org.eclipse.m2e.maven.runtime_3.9.900.20240824-1409\jars\httpcore-4.4.16.jar
2024-11-13 03:40:48,108 [Worker-13: Launching mavenrun-cafe4c40-dbdf-407d-87e8-8f23582cc4c4] INFO  o.eclipse.m2e.core.internal.Bundles - 	Entry: C:\Users\INTEGRAL COMPUTER\.p2\pool\plugins\org.eclipse.m2e.maven.runtime_3.9.900.20240824-1409\jars\jansi-2.4.1.jar
2024-11-13 03:40:48,108 [Worker-13: Launching mavenrun-cafe4c40-dbdf-407d-87e8-8f23582cc4c4] INFO  o.eclipse.m2e.core.internal.Bundles - 	Entry: C:\Users\INTEGRAL COMPUTER\.p2\pool\plugins\org.eclipse.m2e.maven.runtime_3.9.900.20240824-1409\jars\jcl-over-slf4j-1.7.36.jar
2024-11-13 03:40:48,108 [Worker-13: Launching mavenrun-cafe4c40-dbdf-407d-87e8-8f23582cc4c4] INFO  o.eclipse.m2e.core.internal.Bundles - 	Entry: C:\Users\INTEGRAL COMPUTER\.p2\pool\plugins\org.eclipse.m2e.maven.runtime_3.9.900.20240824-1409\jars\maven-artifact-3.9.9.jar
2024-11-13 03:40:48,108 [Worker-13: Launching mavenrun-cafe4c40-dbdf-407d-87e8-8f23582cc4c4] INFO  o.eclipse.m2e.core.internal.Bundles - 	Entry: C:\Users\INTEGRAL COMPUTER\.p2\pool\plugins\org.eclipse.m2e.maven.runtime_3.9.900.20240824-1409\jars\maven-builder-support-3.9.9.jar
2024-11-13 03:40:48,109 [Worker-13: Launching mavenrun-cafe4c40-dbdf-407d-87e8-8f23582cc4c4] INFO  o.eclipse.m2e.core.internal.Bundles - 	Entry: C:\Users\INTEGRAL COMPUTER\.p2\pool\plugins\org.eclipse.m2e.maven.runtime_3.9.900.20240824-1409\jars\maven-compat-3.9.9.jar
2024-11-13 03:40:48,109 [Worker-13: Launching mavenrun-cafe4c40-dbdf-407d-87e8-8f23582cc4c4] INFO  o.eclipse.m2e.core.internal.Bundles - 	Entry: C:\Users\INTEGRAL COMPUTER\.p2\pool\plugins\org.eclipse.m2e.maven.runtime_3.9.900.20240824-1409\jars\maven-core-3.9.9.jar
2024-11-13 03:40:48,109 [Worker-13: Launching mavenrun-cafe4c40-dbdf-407d-87e8-8f23582cc4c4] INFO  o.eclipse.m2e.core.internal.Bundles - 	Entry: C:\Users\INTEGRAL COMPUTER\.p2\pool\plugins\org.eclipse.m2e.maven.runtime_3.9.900.20240824-1409\jars\maven-embedder-3.9.9.jar
2024-11-13 03:40:48,109 [Worker-13: Launching mavenrun-cafe4c40-dbdf-407d-87e8-8f23582cc4c4] INFO  o.eclipse.m2e.core.internal.Bundles - 	Entry: C:\Users\INTEGRAL COMPUTER\.p2\pool\plugins\org.eclipse.m2e.maven.runtime_3.9.900.20240824-1409\jars\maven-model-3.9.9.jar
2024-11-13 03:40:48,110 [Worker-13: Launching mavenrun-cafe4c40-dbdf-407d-87e8-8f23582cc4c4] INFO  o.eclipse.m2e.core.internal.Bundles - 	Entry: C:\Users\INTEGRAL COMPUTER\.p2\pool\plugins\org.eclipse.m2e.maven.runtime_3.9.900.20240824-1409\jars\maven-model-builder-3.9.9.jar
2024-11-13 03:40:48,111 [Worker-13: Launching mavenrun-cafe4c40-dbdf-407d-87e8-8f23582cc4c4] INFO  o.eclipse.m2e.core.internal.Bundles - 	Entry: C:\Users\INTEGRAL COMPUTER\.p2\pool\plugins\org.eclipse.m2e.maven.runtime_3.9.900.20240824-1409\jars\maven-plugin-api-3.9.9.jar
2024-11-13 03:40:48,111 [Worker-13: Launching mavenrun-cafe4c40-dbdf-407d-87e8-8f23582cc4c4] INFO  o.eclipse.m2e.core.internal.Bundles - 	Entry: C:\Users\INTEGRAL COMPUTER\.p2\pool\plugins\org.eclipse.m2e.maven.runtime_3.9.900.20240824-1409\jars\maven-repository-metadata-3.9.9.jar
2024-11-13 03:40:48,111 [Worker-13: Launching mavenrun-cafe4c40-dbdf-407d-87e8-8f23582cc4c4] INFO  o.eclipse.m2e.core.internal.Bundles - 	Entry: C:\Users\INTEGRAL COMPUTER\.p2\pool\plugins\org.eclipse.m2e.maven.runtime_3.9.900.20240824-1409\jars\maven-resolver-api-1.9.22.jar
2024-11-13 03:40:48,112 [Worker-13: Launching mavenrun-cafe4c40-dbdf-407d-87e8-8f23582cc4c4] INFO  o.eclipse.m2e.core.internal.Bundles - 	Entry: C:\Users\INTEGRAL COMPUTER\.p2\pool\plugins\org.eclipse.m2e.maven.runtime_3.9.900.20240824-1409\jars\maven-resolver-connector-basic-1.9.22.jar
2024-11-13 03:40:48,112 [Worker-13: Launching mavenrun-cafe4c40-dbdf-407d-87e8-8f23582cc4c4] INFO  o.eclipse.m2e.core.internal.Bundles - 	Entry: C:\Users\INTEGRAL COMPUTER\.p2\pool\plugins\org.eclipse.m2e.maven.runtime_3.9.900.20240824-1409\jars\maven-resolver-impl-1.9.22.jar
2024-11-13 03:40:48,112 [Worker-13: Launching mavenrun-cafe4c40-dbdf-407d-87e8-8f23582cc4c4] INFO  o.eclipse.m2e.core.internal.Bundles - 	Entry: C:\Users\INTEGRAL COMPUTER\.p2\pool\plugins\org.eclipse.m2e.maven.runtime_3.9.900.20240824-1409\jars\maven-resolver-named-locks-1.9.22.jar
2024-11-13 03:40:48,112 [Worker-13: Launching mavenrun-cafe4c40-dbdf-407d-87e8-8f23582cc4c4] INFO  o.eclipse.m2e.core.internal.Bundles - 	Entry: C:\Users\INTEGRAL COMPUTER\.p2\pool\plugins\org.eclipse.m2e.maven.runtime_3.9.900.20240824-1409\jars\maven-resolver-provider-3.9.9.jar
2024-11-13 03:40:48,126 [Worker-13: Launching mavenrun-cafe4c40-dbdf-407d-87e8-8f23582cc4c4] INFO  o.eclipse.m2e.core.internal.Bundles - 	Entry: C:\Users\INTEGRAL COMPUTER\.p2\pool\plugins\org.eclipse.m2e.maven.runtime_3.9.900.20240824-1409\jars\maven-resolver-spi-1.9.22.jar
2024-11-13 03:40:48,128 [Worker-13: Launching mavenrun-cafe4c40-dbdf-407d-87e8-8f23582cc4c4] INFO  o.eclipse.m2e.core.internal.Bundles - 	Entry: C:\Users\INTEGRAL COMPUTER\.p2\pool\plugins\org.eclipse.m2e.maven.runtime_3.9.900.20240824-1409\jars\maven-resolver-transport-file-1.9.22.jar
2024-11-13 03:40:48,128 [Worker-13: Launching mavenrun-cafe4c40-dbdf-407d-87e8-8f23582cc4c4] INFO  o.eclipse.m2e.core.internal.Bundles - 	Entry: C:\Users\INTEGRAL COMPUTER\.p2\pool\plugins\org.eclipse.m2e.maven.runtime_3.9.900.20240824-1409\jars\maven-resolver-transport-http-1.9.22.jar
2024-11-13 03:40:48,129 [Worker-13: Launching mavenrun-cafe4c40-dbdf-407d-87e8-8f23582cc4c4] INFO  o.eclipse.m2e.core.internal.Bundles - 	Entry: C:\Users\INTEGRAL COMPUTER\.p2\pool\plugins\org.eclipse.m2e.maven.runtime_3.9.900.20240824-1409\jars\maven-resolver-transport-wagon-1.9.22.jar
2024-11-13 03:40:48,129 [Worker-13: Launching mavenrun-cafe4c40-dbdf-407d-87e8-8f23582cc4c4] INFO  o.eclipse.m2e.core.internal.Bundles - 	Entry: C:\Users\INTEGRAL COMPUTER\.p2\pool\plugins\org.eclipse.m2e.maven.runtime_3.9.900.20240824-1409\jars\maven-resolver-util-1.9.22.jar
2024-11-13 03:40:48,130 [Worker-13: Launching mavenrun-cafe4c40-dbdf-407d-87e8-8f23582cc4c4] INFO  o.eclipse.m2e.core.internal.Bundles - 	Entry: C:\Users\INTEGRAL COMPUTER\.p2\pool\plugins\org.eclipse.m2e.maven.runtime_3.9.900.20240824-1409\jars\maven-settings-3.9.9.jar
2024-11-13 03:40:48,130 [Worker-13: Launching mavenrun-cafe4c40-dbdf-407d-87e8-8f23582cc4c4] INFO  o.eclipse.m2e.core.internal.Bundles - 	Entry: C:\Users\INTEGRAL COMPUTER\.p2\pool\plugins\org.eclipse.m2e.maven.runtime_3.9.900.20240824-1409\jars\maven-settings-builder-3.9.9.jar
2024-11-13 03:40:48,130 [Worker-13: Launching mavenrun-cafe4c40-dbdf-407d-87e8-8f23582cc4c4] INFO  o.eclipse.m2e.core.internal.Bundles - 	Entry: C:\Users\INTEGRAL COMPUTER\.p2\pool\plugins\org.eclipse.m2e.maven.runtime_3.9.900.20240824-1409\jars\maven-shared-utils-3.4.2.jar
2024-11-13 03:40:48,131 [Worker-13: Launching mavenrun-cafe4c40-dbdf-407d-87e8-8f23582cc4c4] INFO  o.eclipse.m2e.core.internal.Bundles - 	Entry: C:\Users\INTEGRAL COMPUTER\.p2\pool\plugins\org.eclipse.m2e.maven.runtime_3.9.900.20240824-1409\jars\org.eclipse.sisu.inject-0.9.0.M3.jar
2024-11-13 03:40:48,131 [Worker-13: Launching mavenrun-cafe4c40-dbdf-407d-87e8-8f23582cc4c4] INFO  o.eclipse.m2e.core.internal.Bundles - 	Entry: C:\Users\INTEGRAL COMPUTER\.p2\pool\plugins\org.eclipse.m2e.maven.runtime_3.9.900.20240824-1409\jars\org.eclipse.sisu.plexus-0.9.0.M3.jar
2024-11-13 03:40:48,132 [Worker-13: Launching mavenrun-cafe4c40-dbdf-407d-87e8-8f23582cc4c4] INFO  o.eclipse.m2e.core.internal.Bundles - 	Entry: C:\Users\INTEGRAL COMPUTER\.p2\pool\plugins\org.eclipse.m2e.maven.runtime_3.9.900.20240824-1409\jars\plexus-build-api-0.0.7.jar
2024-11-13 03:40:48,132 [Worker-13: Launching mavenrun-cafe4c40-dbdf-407d-87e8-8f23582cc4c4] INFO  o.eclipse.m2e.core.internal.Bundles - 	Entry: C:\Users\INTEGRAL COMPUTER\.p2\pool\plugins\org.eclipse.m2e.maven.runtime_3.9.900.20240824-1409\jars\plexus-build-api-1.2.0.jar
2024-11-13 03:40:48,132 [Worker-13: Launching mavenrun-cafe4c40-dbdf-407d-87e8-8f23582cc4c4] INFO  o.eclipse.m2e.core.internal.Bundles - 	Entry: C:\Users\INTEGRAL COMPUTER\.p2\pool\plugins\org.eclipse.m2e.maven.runtime_3.9.900.20240824-1409\jars\plexus-cipher-2.0.jar
2024-11-13 03:40:48,132 [Worker-13: Launching mavenrun-cafe4c40-dbdf-407d-87e8-8f23582cc4c4] INFO  o.eclipse.m2e.core.internal.Bundles - 	Entry: C:\Users\INTEGRAL COMPUTER\.p2\pool\plugins\org.eclipse.m2e.maven.runtime_3.9.900.20240824-1409\jars\plexus-classworlds-2.8.0.jar
2024-11-13 03:40:48,133 [Worker-13: Launching mavenrun-cafe4c40-dbdf-407d-87e8-8f23582cc4c4] INFO  o.eclipse.m2e.core.internal.Bundles - 	Entry: C:\Users\INTEGRAL COMPUTER\.p2\pool\plugins\org.eclipse.m2e.maven.runtime_3.9.900.20240824-1409\jars\plexus-component-annotations-2.1.0.jar
2024-11-13 03:40:48,133 [Worker-13: Launching mavenrun-cafe4c40-dbdf-407d-87e8-8f23582cc4c4] INFO  o.eclipse.m2e.core.internal.Bundles - 	Entry: C:\Users\INTEGRAL COMPUTER\.p2\pool\plugins\org.eclipse.m2e.maven.runtime_3.9.900.20240824-1409\jars\plexus-interpolation-1.27.jar
2024-11-13 03:40:48,134 [Worker-13: Launching mavenrun-cafe4c40-dbdf-407d-87e8-8f23582cc4c4] INFO  o.eclipse.m2e.core.internal.Bundles - 	Entry: C:\Users\INTEGRAL COMPUTER\.p2\pool\plugins\org.eclipse.m2e.maven.runtime_3.9.900.20240824-1409\jars\plexus-sec-dispatcher-2.0.jar
2024-11-13 03:40:48,134 [Worker-13: Launching mavenrun-cafe4c40-dbdf-407d-87e8-8f23582cc4c4] INFO  o.eclipse.m2e.core.internal.Bundles - 	Entry: C:\Users\INTEGRAL COMPUTER\.p2\pool\plugins\org.eclipse.m2e.maven.runtime_3.9.900.20240824-1409\jars\plexus-utils-3.5.1.jar
2024-11-13 03:40:48,134 [Worker-13: Launching mavenrun-cafe4c40-dbdf-407d-87e8-8f23582cc4c4] INFO  o.eclipse.m2e.core.internal.Bundles - 	Entry: C:\Users\INTEGRAL COMPUTER\.p2\pool\plugins\org.eclipse.m2e.maven.runtime_3.9.900.20240824-1409\jars\plexus-xml-3.0.1.jar
2024-11-13 03:40:48,136 [Worker-13: Launching mavenrun-cafe4c40-dbdf-407d-87e8-8f23582cc4c4] INFO  o.eclipse.m2e.core.internal.Bundles - 	Entry: C:\Users\INTEGRAL COMPUTER\.p2\pool\plugins\org.eclipse.m2e.maven.runtime_3.9.900.20240824-1409\jars\wagon-file-3.5.3.jar
2024-11-13 03:40:48,136 [Worker-13: Launching mavenrun-cafe4c40-dbdf-407d-87e8-8f23582cc4c4] INFO  o.eclipse.m2e.core.internal.Bundles - 	Entry: C:\Users\INTEGRAL COMPUTER\.p2\pool\plugins\org.eclipse.m2e.maven.runtime_3.9.900.20240824-1409\jars\wagon-http-3.5.3.jar
2024-11-13 03:40:48,136 [Worker-13: Launching mavenrun-cafe4c40-dbdf-407d-87e8-8f23582cc4c4] INFO  o.eclipse.m2e.core.internal.Bundles - 	Entry: C:\Users\INTEGRAL COMPUTER\.p2\pool\plugins\org.eclipse.m2e.maven.runtime_3.9.900.20240824-1409\jars\wagon-http-shared-3.5.3.jar
2024-11-13 03:40:48,137 [Worker-13: Launching mavenrun-cafe4c40-dbdf-407d-87e8-8f23582cc4c4] INFO  o.eclipse.m2e.core.internal.Bundles - 	Entry: C:\Users\INTEGRAL COMPUTER\.p2\pool\plugins\org.eclipse.m2e.maven.runtime_3.9.900.20240824-1409\jars\wagon-provider-api-3.5.3.jar
2024-11-13 03:40:48,139 [Worker-13: Launching mavenrun-cafe4c40-dbdf-407d-87e8-8f23582cc4c4] INFO  o.eclipse.m2e.core.internal.Bundles - getClasspathEntries(Bundle=com.google.guava_33.3.0.jre [16])
2024-11-13 03:40:48,140 [Worker-13: Launching mavenrun-cafe4c40-dbdf-407d-87e8-8f23582cc4c4] INFO  o.eclipse.m2e.core.internal.Bundles - 	Entry: C:\Users\INTEGRAL COMPUTER\.p2\pool\plugins\com.google.guava_33.3.0.jre.jar
2024-11-13 03:40:48,140 [Worker-13: Launching mavenrun-cafe4c40-dbdf-407d-87e8-8f23582cc4c4] INFO  o.eclipse.m2e.core.internal.Bundles - getClasspathEntries(Bundle=slf4j.api_2.0.16 [1005])
2024-11-13 03:40:48,141 [Worker-13: Launching mavenrun-cafe4c40-dbdf-407d-87e8-8f23582cc4c4] INFO  o.eclipse.m2e.core.internal.Bundles - 	Entry: C:\Users\INTEGRAL COMPUTER\.p2\pool\plugins\slf4j.api_2.0.16.jar
2024-11-13 03:40:48,141 [Worker-13: Launching mavenrun-cafe4c40-dbdf-407d-87e8-8f23582cc4c4] INFO  o.eclipse.m2e.core.internal.Bundles - getClasspathEntries(Bundle=jakarta.inject.jakarta.inject-api_1.0.5 [34])
2024-11-13 03:40:48,142 [Worker-13: Launching mavenrun-cafe4c40-dbdf-407d-87e8-8f23582cc4c4] INFO  o.eclipse.m2e.core.internal.Bundles - 	Entry: C:\Users\INTEGRAL COMPUTER\.p2\pool\plugins\jakarta.inject.jakarta.inject-api_1.0.5.jar
2024-11-13 03:40:48,142 [Worker-13: Launching mavenrun-cafe4c40-dbdf-407d-87e8-8f23582cc4c4] INFO  o.eclipse.m2e.core.internal.Bundles - getClasspathEntries(Bundle=jakarta.annotation-api_1.3.5 [29])
2024-11-13 03:40:48,142 [Worker-13: Launching mavenrun-cafe4c40-dbdf-407d-87e8-8f23582cc4c4] INFO  o.eclipse.m2e.core.internal.Bundles - 	Entry: C:\Users\INTEGRAL COMPUTER\.p2\pool\plugins\jakarta.annotation-api_1.3.5.jar
2024-11-13 03:40:48,142 [Worker-13: Launching mavenrun-cafe4c40-dbdf-407d-87e8-8f23582cc4c4] INFO  o.eclipse.m2e.core.internal.Bundles - getClasspathEntries(Bundle=org.apache.commons.cli_1.9.0 [78])
2024-11-13 03:40:48,143 [Worker-13: Launching mavenrun-cafe4c40-dbdf-407d-87e8-8f23582cc4c4] INFO  o.eclipse.m2e.core.internal.Bundles - 	Entry: C:\Users\INTEGRAL COMPUTER\.p2\pool\plugins\org.apache.commons.cli_1.9.0.jar
2024-11-13 03:40:48,143 [Worker-13: Launching mavenrun-cafe4c40-dbdf-407d-87e8-8f23582cc4c4] INFO  o.eclipse.m2e.core.internal.Bundles - getClasspathEntries(Bundle=org.apache.commons.commons-codec_1.16.0 [81])
2024-11-13 03:40:48,143 [Worker-13: Launching mavenrun-cafe4c40-dbdf-407d-87e8-8f23582cc4c4] INFO  o.eclipse.m2e.core.internal.Bundles - 	Entry: C:\Users\INTEGRAL COMPUTER\.p2\pool\plugins\org.apache.commons.commons-codec_1.16.0.jar
2024-11-13 03:40:48,143 [Worker-13: Launching mavenrun-cafe4c40-dbdf-407d-87e8-8f23582cc4c4] INFO  o.eclipse.m2e.core.internal.Bundles - getClasspathEntries(Bundle=com.google.guava.failureaccess_1.0.2 [17])
2024-11-13 03:40:48,144 [Worker-13: Launching mavenrun-cafe4c40-dbdf-407d-87e8-8f23582cc4c4] INFO  o.eclipse.m2e.core.internal.Bundles - 	Entry: C:\Users\INTEGRAL COMPUTER\.p2\pool\plugins\com.google.guava.failureaccess_1.0.2.jar
2024-11-13 03:40:48,155 [Worker-13: Launching mavenrun-cafe4c40-dbdf-407d-87e8-8f23582cc4c4] INFO  o.e.m.i.launch.MavenLaunchDelegate - Run build in "C:\Users\INTEGR~1\AppData\Local\Temp\m2e-archetypeGenerator2645209698421753437":
2024-11-13 03:40:48,162 [Worker-13: Launching mavenrun-cafe4c40-dbdf-407d-87e8-8f23582cc4c4] INFO  o.e.m.i.launch.MavenLaunchDelegate -  mvn  -DarchetypeGroupId=org.apache.maven.archetypes -DarchetypeArtifactId=maven-archetype-quickstart -DarchetypeVersion=1.1 -DgroupId=org.sample -DartifactId=CurrencyConvertor -Dversion=0.0.1-SNAPSHOT -Dpackage=org.sample.CurrencyConvertor -DoutputDirectory="C:\Users\INTEGRAL COMPUTER\Desktop\currencyConvertor" -Dstyle.color=always -U archetype:generate
2024-11-13 03:41:15,532 [Worker-7: Creating maven-archetype-quickstart] INFO  o.e.m.c.i.p.ProjectConfigurationManager - Collecting project info '/pom.xml' C:\Users\INTEGRAL COMPUTER\Desktop\currencyConvertor\CurrencyConvertor\pom.xml
2024-11-13 03:41:16,364 [Worker-7: Creating maven-archetype-quickstart] INFO  o.e.m.c.i.e.AbstractTransferListenerAdapter - Downloading https://repo.maven.apache.org/maven2/org/apache/maven/plugins/maven-jar-plugin/3.4.1/maven-jar-plugin-3.4.1.jar
2024-11-13 03:41:16,411 [Worker-7: Creating maven-archetype-quickstart] INFO  o.e.m.c.i.e.AbstractTransferListenerAdapter - Downloaded https://repo.maven.apache.org/maven2/org/apache/maven/plugins/maven-jar-plugin/3.4.1/maven-jar-plugin-3.4.1.jar
2024-11-13 03:41:18,019 [Worker-7: Creating maven-archetype-quickstart] INFO  o.e.m.c.i.l.LifecycleMappingFactory - Using org.eclipse.m2e.jdt.JarLifecycleMapping lifecycle mapping for MavenProject: org.sample:CurrencyConvertor:0.0.1-SNAPSHOT @ C:\Users\INTEGRAL COMPUTER\Desktop\currencyConvertor\CurrencyConvertor\pom.xml.
2024-11-13 03:41:18,265 [Worker-7: Creating maven-archetype-quickstart] INFO  o.e.m.c.i.e.AbstractTransferListenerAdapter - Downloading https://repo.maven.apache.org/maven2/org/apache/maven/plugins/maven-jar-plugin/3.4.1/maven-jar-plugin-3.4.1.pom
2024-11-13 03:41:18,276 [Worker-7: Creating maven-archetype-quickstart] INFO  o.e.m.c.i.e.AbstractTransferListenerAdapter - Downloaded https://repo.maven.apache.org/maven2/org/apache/maven/plugins/maven-jar-plugin/3.4.1/maven-jar-plugin-3.4.1.pom
2024-11-13 03:41:19,502 [Worker-7: Creating maven-archetype-quickstart] INFO  o.e.m.j.i.AbstractJavaProjectConfigurator - Adding source folder /CurrencyConvertor/src/main/java
2024-11-13 03:41:19,506 [Worker-7: Creating maven-archetype-quickstart] INFO  o.e.m.j.i.AbstractJavaProjectConfigurator - Adding resource folder /CurrencyConvertor/src/main/resources
2024-11-13 03:41:19,514 [Worker-7: Creating maven-archetype-quickstart] INFO  o.e.m.j.i.AbstractJavaProjectConfigurator - Adding source folder /CurrencyConvertor/src/test/java
2024-11-13 03:41:19,516 [Worker-7: Creating maven-archetype-quickstart] INFO  o.e.m.j.i.AbstractJavaProjectConfigurator - Adding resource folder /CurrencyConvertor/src/test/resources
2024-11-13 03:41:19,969 [Worker-7: Creating maven-archetype-quickstart] INFO  o.e.m.c.i.p.ProjectConfigurationManager - Imported and configured 1 project(s) in 4 sec
2024-11-13 03:41:21,702 [Worker-1: Building] INFO  o.a.m.s.f.DefaultMavenResourcesFiltering - skip non existing resourceDirectory C:\Users\INTEGRAL COMPUTER\Desktop\currencyConvertor\CurrencyConvertor\src\main\resources
2024-11-13 03:41:21,711 [Worker-1: Building] INFO  o.a.m.s.f.DefaultMavenResourcesFiltering - skip non existing resourceDirectory C:\Users\INTEGRAL COMPUTER\Desktop\currencyConvertor\CurrencyConvertor\src\test\resources
2024-11-13 03:43:10,352 [Worker-11: Building] INFO  o.e.m.c.i.l.LifecycleMappingFactory - Using org.eclipse.m2e.jdt.JarLifecycleMapping lifecycle mapping for MavenProject: org.sample:CurrencyConvertor:0.0.1-SNAPSHOT @ C:\Users\INTEGRAL COMPUTER\Desktop\currencyConvertor\CurrencyConvertor\pom.xml.
2024-11-13 03:43:10,629 [Worker-11: Building] INFO  o.e.m.c.i.e.AbstractTransferListenerAdapter - Downloading https://repo.maven.apache.org/maven2/com/google/code/gson/gson/2.8.9/gson-2.8.9.pom
2024-11-13 03:43:10,649 [Worker-11: Building] INFO  o.e.m.c.i.e.AbstractTransferListenerAdapter - Downloaded https://repo.maven.apache.org/maven2/com/google/code/gson/gson/2.8.9/gson-2.8.9.pom
2024-11-13 03:43:10,759 [Worker-11: Building] INFO  o.e.m.c.i.e.AbstractTransferListenerAdapter - Downloading https://repo.maven.apache.org/maven2/com/google/code/gson/gson-parent/2.8.9/gson-parent-2.8.9.pom
2024-11-13 03:43:10,768 [Worker-11: Building] INFO  o.e.m.c.i.e.AbstractTransferListenerAdapter - Downloaded https://repo.maven.apache.org/maven2/com/google/code/gson/gson-parent/2.8.9/gson-parent-2.8.9.pom
2024-11-13 03:43:10,869 [Worker-11: Building] INFO  o.e.m.c.i.e.AbstractTransferListenerAdapter - Downloading https://repo.maven.apache.org/maven2/com/google/code/gson/gson/2.8.9/gson-2.8.9.jar
2024-11-13 03:43:11,173 [Worker-11: Building] INFO  o.e.m.c.i.e.AbstractTransferListenerAdapter - Downloaded https://repo.maven.apache.org/maven2/com/google/code/gson/gson/2.8.9/gson-2.8.9.jar
2024-11-13 03:43:11,797 [Worker-11: Building] INFO  o.a.m.s.f.DefaultMavenResourcesFiltering - skip non existing resourceDirectory C:\Users\INTEGRAL COMPUTER\Desktop\currencyConvertor\CurrencyConvertor\src\main\resources
2024-11-13 03:43:11,831 [Worker-11: Building] INFO  o.a.m.s.f.DefaultMavenResourcesFiltering - skip non existing resourceDirectory C:\Users\INTEGRAL COMPUTER\Desktop\currencyConvertor\CurrencyConvertor\src\test\resources
2024-11-13 03:43:12,525 [Worker-13: Download sources and javadoc] INFO  o.e.m.c.i.e.AbstractTransferListenerAdapter - Downloading https://repo.maven.apache.org/maven2/com/google/code/gson/gson/2.8.9/gson-2.8.9-sources.jar
2024-11-13 03:43:12,775 [Worker-13: Download sources and javadoc] INFO  o.e.m.c.i.e.AbstractTransferListenerAdapter - Downloaded https://repo.maven.apache.org/maven2/com/google/code/gson/gson/2.8.9/gson-2.8.9-sources.jar
2024-11-13 03:43:12,782 [Worker-13: Download sources and javadoc] INFO  o.e.m.j.internal.DownloadSourcesJob - Downloaded sources for com.google.code.gson:gson:2.8.9
2024-11-13 03:43:14,198 [Worker-2: Building] INFO  o.a.m.s.f.DefaultMavenResourcesFiltering - skip non existing resourceDirectory C:\Users\INTEGRAL COMPUTER\Desktop\currencyConvertor\CurrencyConvertor\src\main\resources
2024-11-13 03:43:14,202 [Worker-2: Building] INFO  o.a.m.s.f.DefaultMavenResourcesFiltering - skip non existing resourceDirectory C:\Users\INTEGRAL COMPUTER\Desktop\currencyConvertor\CurrencyConvertor\src\test\resources
2024-11-13 03:44:19,619 [Worker-5: Building] INFO  o.a.m.s.f.DefaultMavenResourcesFiltering - skip non existing resourceDirectory C:\Users\INTEGRAL COMPUTER\Desktop\currencyConvertor\CurrencyConvertor\src\main\resources
2024-11-13 03:44:19,624 [Worker-5: Building] INFO  o.a.m.s.f.DefaultMavenResourcesFiltering - skip non existing resourceDirectory C:\Users\INTEGRAL COMPUTER\Desktop\currencyConvertor\CurrencyConvertor\src\test\resources
2024-11-13 03:44:51,165 [Worker-2: Building] INFO  o.a.m.s.f.DefaultMavenResourcesFiltering - skip non existing resourceDirectory C:\Users\INTEGRAL COMPUTER\Desktop\currencyConvertor\CurrencyConvertor\src\main\resources
2024-11-13 03:44:51,169 [Worker-2: Building] INFO  o.a.m.s.f.DefaultMavenResourcesFiltering - skip non existing resourceDirectory C:\Users\INTEGRAL COMPUTER\Desktop\currencyConvertor\CurrencyConvertor\src\test\resources
2024-11-13 03:55:28,209 [Worker-15: Building] INFO  o.a.m.s.f.DefaultMavenResourcesFiltering - skip non existing resourceDirectory C:\Users\INTEGRAL COMPUTER\Desktop\currencyConvertor\CurrencyConvertor\src\main\resources
2024-11-13 03:55:28,216 [Worker-15: Building] INFO  o.a.m.s.f.DefaultMavenResourcesFiltering - skip non existing resourceDirectory C:\Users\INTEGRAL COMPUTER\Desktop\currencyConvertor\CurrencyConvertor\src\test\resources
2024-11-13 03:57:29,602 [Worker-4: Building] INFO  o.a.m.s.f.DefaultMavenResourcesFiltering - skip non existing resourceDirectory C:\Users\INTEGRAL COMPUTER\Desktop\currencyConvertor\CurrencyConvertor\src\main\resources
2024-11-13 03:57:29,606 [Worker-4: Building] INFO  o.a.m.s.f.DefaultMavenResourcesFiltering - skip non existing resourceDirectory C:\Users\INTEGRAL COMPUTER\Desktop\currencyConvertor\CurrencyConvertor\src\test\resources
